# JRE version: Java(TM) SE Runtime Environment (8.0_40-b25) (build 1.8.0_40-b25)
# Java VM: Java HotSpot(TM) 64-Bit Server VM (25.40-b25 mixed mode linux-amd64 compressed oops)
Heap:
 PSYoungGen      total 112128K, used 0K [0x00000000f5580000, 0x0000000100000000, 0x0000000100000000)
  eden space 72192K, 0% used [0x00000000f5580000,0x00000000f5580000,0x00000000f9c00000)
  from space 39936K, 0% used [0x00000000fd900000,0x00000000fd900000,0x0000000100000000)
  to   space 51200K, 0% used [0x00000000f9c00000,0x00000000f9c00000,0x00000000fce00000)
 ParOldGen       total 112128K, used 110006K [0x00000000e0000000, 0x00000000e6d80000, 0x00000000f5580000)
  object space 112128K, 98% used [0x00000000e0000000,0x00000000e6b6d818,0x00000000e6d80000)
 Metaspace       used 85599K, capacity 86017K, committed 86488K, reserved 1120256K
  class space    used 14644K, capacity 14771K, committed 14848K, reserved 1048576K
GC Heap History (10 events):
Event: 52,093 GC heap after
Heap after GC invocations=17 (full 2):
 PSYoungGen      total 134656K, used 21082K [0x00000000f5580000, 0x0000000100000000, 0x0000000100000000)
  eden space 113152K, 0% used [0x00000000f5580000,0x00000000f5580000,0x00000000fc400000)
  from space 21504K, 98% used [0x00000000fc400000,0x00000000fd8969d8,0x00000000fd900000)
  to   space 31744K, 0% used [0x00000000fe100000,0x00000000fe100000,0x0000000100000000)
 ParOldGen       total 52736K, used 43429K [0x00000000e0000000, 0x00000000e3380000, 0x00000000f5580000)
  object space 52736K, 82% used [0x00000000e0000000,0x00000000e2a69790,0x00000000e3380000)
 Metaspace       used 58409K, capacity 58824K, committed 59028K, reserved 1097728K
  class space    used 10617K, capacity 10743K, committed 10752K, reserved 1048576K
}
Event: 52,097 GC heap before
{Heap before GC invocations=18 (full 3):
 PSYoungGen      total 134656K, used 21082K [0x00000000f5580000, 0x0000000100000000, 0x0000000100000000)
  eden space 113152K, 0% used [0x00000000f5580000,0x00000000f5580000,0x00000000fc400000)
  from space 21504K, 98% used [0x00000000fc400000,0x00000000fd8969d8,0x00000000fd900000)
  to   space 31744K, 0% used [0x00000000fe100000,0x00000000fe100000,0x0000000100000000)
 ParOldGen       total 52736K, used 43429K [0x00000000e0000000, 0x00000000e3380000, 0x00000000f5580000)
  object space 52736K, 82% used [0x00000000e0000000,0x00000000e2a69790,0x00000000e3380000)
 Metaspace       used 58409K, capacity 58824K, committed 59028K, reserved 1097728K
  class space    used 10617K, capacity 10743K, committed 10752K, reserved 1048576K
Event: 52,801 GC heap after
Heap after GC invocations=18 (full 3):
 PSYoungGen      total 134656K, used 2449K [0x00000000f5580000, 0x0000000100000000, 0x0000000100000000)
  eden space 113152K, 0% used [0x00000000f5580000,0x00000000f5580000,0x00000000fc400000)
  from space 21504K, 11% used [0x00000000fc400000,0x00000000fc664570,0x00000000fd900000)
  to   space 31744K, 0% used [0x00000000fe100000,0x00000000fe100000,0x0000000100000000)
 ParOldGen       total 112128K, used 52655K [0x00000000e0000000, 0x00000000e6d80000, 0x00000000f5580000)
  object space 112128K, 46% used [0x00000000e0000000,0x00000000e336bd80,0x00000000e6d80000)
 Metaspace       used 58403K, capacity 58812K, committed 59028K, reserved 1097728K
  class space    used 10615K, capacity 10739K, committed 10752K, reserved 1048576K
}
Event: 61,559 GC heap before
{Heap before GC invocations=19 (full 3):
 PSYoungGen      total 134656K, used 115601K [0x00000000f5580000, 0x0000000100000000, 0x0000000100000000)
  eden space 113152K, 100% used [0x00000000f5580000,0x00000000fc400000,0x00000000fc400000)
  from space 21504K, 11% used [0x00000000fc400000,0x00000000fc664570,0x00000000fd900000)
  to   space 31744K, 0% used [0x00000000fe100000,0x00000000fe100000,0x0000000100000000)
 ParOldGen       total 112128K, used 52655K [0x00000000e0000000, 0x00000000e6d80000, 0x00000000f5580000)
  object space 112128K, 46% used [0x00000000e0000000,0x00000000e336bd80,0x00000000e6d80000)
 Metaspace       used 75462K, capacity 75905K, committed 76376K, reserved 1112064K
  class space    used 13215K, capacity 13363K, committed 13440K, reserved 1048576K
Event: 61,944 GC heap after
Heap after GC invocations=19 (full 3):
 PSYoungGen      total 126464K, used 31736K [0x00000000f5580000, 0x0000000100000000, 0x0000000100000000)
  eden space 94720K, 0% used [0x00000000f5580000,0x00000000f5580000,0x00000000fb200000)
  from space 31744K, 99% used [0x00000000fe100000,0x00000000ffffe210,0x0000000100000000)
  to   space 39936K, 0% used [0x00000000fb200000,0x00000000fb200000,0x00000000fd900000)
 ParOldGen       total 112128K, used 60842K [0x00000000e0000000, 0x00000000e6d80000, 0x00000000f5580000)
  object space 112128K, 54% used [0x00000000e0000000,0x00000000e3b6a928,0x00000000e6d80000)
 Metaspace       used 75462K, capacity 75905K, committed 76376K, reserved 1112064K
  class space    used 13215K, capacity 13363K, committed 13440K, reserved 1048576K
}
Event: 77,243 GC heap before
{Heap before GC invocations=20 (full 3):
 PSYoungGen      total 126464K, used 126456K [0x00000000f5580000, 0x0000000100000000, 0x0000000100000000)
  eden space 94720K, 100% used [0x00000000f5580000,0x00000000fb200000,0x00000000fb200000)
  from space 31744K, 99% used [0x00000000fe100000,0x00000000ffffe210,0x0000000100000000)
  to   space 39936K, 0% used [0x00000000fb200000,0x00000000fb200000,0x00000000fd900000)
 ParOldGen       total 112128K, used 60842K [0x00000000e0000000, 0x00000000e6d80000, 0x00000000f5580000)
  object space 112128K, 54% used [0x00000000e0000000,0x00000000e3b6a928,0x00000000e6d80000)
 Metaspace       used 79900K, capacity 80321K, committed 80856K, reserved 1116160K
  class space    used 13870K, capacity 14003K, committed 14080K, reserved 1048576K
Event: 77,449 GC heap after
Heap after GC invocations=20 (full 3):
 PSYoungGen      total 134656K, used 39928K [0x00000000f5580000, 0x0000000100000000, 0x0000000100000000)
  eden space 94720K, 0% used [0x00000000f5580000,0x00000000f5580000,0x00000000fb200000)
  from space 39936K, 99% used [0x00000000fb200000,0x00000000fd8fe240,0x00000000fd900000)
  to   space 39936K, 0% used [0x00000000fd900000,0x00000000fd900000,0x0000000100000000)
 ParOldGen       total 112128K, used 72846K [0x00000000e0000000, 0x00000000e6d80000, 0x00000000f5580000)
  object space 112128K, 64% used [0x00000000e0000000,0x00000000e4723a80,0x00000000e6d80000)
 Metaspace       used 79900K, capacity 80321K, committed 80856K, reserved 1116160K
  class space    used 13870K, capacity 14003K, committed 14080K, reserved 1048576K
}
Event: 94,544 GC heap before
{Heap before GC invocations=21 (full 3):
 PSYoungGen      total 134656K, used 134648K [0x00000000f5580000, 0x0000000100000000, 0x0000000100000000)
  eden space 94720K, 100% used [0x00000000f5580000,0x00000000fb200000,0x00000000fb200000)
  from space 39936K, 99% used [0x00000000fb200000,0x00000000fd8fe240,0x00000000fd900000)
  to   space 39936K, 0% used [0x00000000fd900000,0x00000000fd900000,0x0000000100000000)
 ParOldGen       total 112128K, used 72846K [0x00000000e0000000, 0x00000000e6d80000, 0x00000000f5580000)
  object space 112128K, 64% used [0x00000000e0000000,0x00000000e4723a80,0x00000000e6d80000)
 Metaspace       used 85599K, capacity 86017K, committed 86488K, reserved 1120256K
  class space    used 14644K, capacity 14771K, committed 14848K, reserved 1048576K
Event: 94,772 GC heap after
Heap after GC invocations=21 (full 3):
 PSYoungGen      total 112128K, used 28557K [0x00000000f5580000, 0x0000000100000000, 0x0000000100000000)
  eden space 72192K, 0% used [0x00000000f5580000,0x00000000f5580000,0x00000000f9c00000)
  from space 39936K, 71% used [0x00000000fd900000,0x00000000ff4e36e8,0x0000000100000000)
  to   space 51200K, 0% used [0x00000000f9c00000,0x00000000f9c00000,0x00000000fce00000)
 ParOldGen       total 112128K, used 97173K [0x00000000e0000000, 0x00000000e6d80000, 0x00000000f5580000)
  object space 112128K, 86% used [0x00000000e0000000,0x00000000e5ee5648,0x00000000e6d80000)
 Metaspace       used 85599K, capacity 86017K, committed 86488K, reserved 1120256K
  class space    used 14644K, capacity 14771K, committed 14848K, reserved 1048576K
}
Event: 94,772 GC heap before
{Heap before GC invocations=22 (full 4):
 PSYoungGen      total 112128K, used 28557K [0x00000000f5580000, 0x0000000100000000, 0x0000000100000000)
  eden space 72192K, 0% used [0x00000000f5580000,0x00000000f5580000,0x00000000f9c00000)
  from space 39936K, 71% used [0x00000000fd900000,0x00000000ff4e36e8,0x0000000100000000)
  to   space 51200K, 0% used [0x00000000f9c00000,0x00000000f9c00000,0x00000000fce00000)
 ParOldGen       total 112128K, used 97173K [0x00000000e0000000, 0x00000000e6d80000, 0x00000000f5580000)
  object space 112128K, 86% used [0x00000000e0000000,0x00000000e5ee5648,0x00000000e6d80000)
 Metaspace       used 85599K, capacity 86017K, committed 86488K, reserved 1120256K
  class space    used 14644K, capacity 14771K, committed 14848K, reserved 1048576K

