# JRE version: Java(TM) SE Runtime Environment (8.0_40-b25) (build 1.8.0_40-b25)
# Java VM: Java HotSpot(TM) 64-Bit Server VM (25.40-b25 mixed mode linux-amd64 compressed oops)
Heap:
 PSYoungGen      total 145408K, used 7647K [0x00000000f0000000, 0x00000000fee80000, 0x0000000100000000)
  eden space 124416K, 0% used [0x00000000f0000000,0x00000000f0000000,0x00000000f7980000)
  from space 20992K, 36% used [0x00000000f7980000,0x00000000f80f7f40,0x00000000f8e00000)
  to   space 31744K, 0% used [0x00000000fcf80000,0x00000000fcf80000,0x00000000fee80000)
 ParOldGen       total 55808K, used 55698K [0x00000000d0000000, 0x00000000d3680000, 0x00000000f0000000)
  object space 55808K, 99% used [0x00000000d0000000,0x00000000d3664a00,0x00000000d3680000)
 Metaspace       used 48590K, capacity 48828K, committed 49024K, reserved 1089536K
  class space    used 9495K, capacity 9558K, committed 9600K, reserved 1048576K
GC Heap History (10 events):
Event: 17,496 GC heap after
Heap after GC invocations=7 (full 1):
 PSYoungGen      total 104448K, used 7099K [0x00000000f0000000, 0x00000000f7400000, 0x0000000100000000)
  eden space 96256K, 0% used [0x00000000f0000000,0x00000000f0000000,0x00000000f5e00000)
  from space 8192K, 86% used [0x00000000f6c00000,0x00000000f72eeca0,0x00000000f7400000)
  to   space 11264K, 0% used [0x00000000f5e00000,0x00000000f5e00000,0x00000000f6900000)
 ParOldGen       total 36864K, used 14343K [0x00000000d0000000, 0x00000000d2400000, 0x00000000f0000000)
  object space 36864K, 38% used [0x00000000d0000000,0x00000000d0e01e08,0x00000000d2400000)
 Metaspace       used 35111K, capacity 35316K, committed 35456K, reserved 1079296K
  class space    used 6376K, capacity 6438K, committed 6528K, reserved 1048576K
}
Event: 17,498 GC heap before
{Heap before GC invocations=8 (full 2):
 PSYoungGen      total 104448K, used 7099K [0x00000000f0000000, 0x00000000f7400000, 0x0000000100000000)
  eden space 96256K, 0% used [0x00000000f0000000,0x00000000f0000000,0x00000000f5e00000)
  from space 8192K, 86% used [0x00000000f6c00000,0x00000000f72eeca0,0x00000000f7400000)
  to   space 11264K, 0% used [0x00000000f5e00000,0x00000000f5e00000,0x00000000f6900000)
 ParOldGen       total 36864K, used 14343K [0x00000000d0000000, 0x00000000d2400000, 0x00000000f0000000)
  object space 36864K, 38% used [0x00000000d0000000,0x00000000d0e01e08,0x00000000d2400000)
 Metaspace       used 35111K, capacity 35316K, committed 35456K, reserved 1079296K
  class space    used 6376K, capacity 6438K, committed 6528K, reserved 1048576K
Event: 17,749 GC heap after
Heap after GC invocations=8 (full 2):
 PSYoungGen      total 104448K, used 0K [0x00000000f0000000, 0x00000000f7400000, 0x0000000100000000)
  eden space 96256K, 0% used [0x00000000f0000000,0x00000000f0000000,0x00000000f5e00000)
  from space 8192K, 0% used [0x00000000f6c00000,0x00000000f6c00000,0x00000000f7400000)
  to   space 11264K, 0% used [0x00000000f5e00000,0x00000000f5e00000,0x00000000f6900000)
 ParOldGen       total 55808K, used 10525K [0x00000000d0000000, 0x00000000d3680000, 0x00000000f0000000)
  object space 55808K, 18% used [0x00000000d0000000,0x00000000d0a47710,0x00000000d3680000)
 Metaspace       used 35111K, capacity 35316K, committed 35456K, reserved 1079296K
  class space    used 6376K, capacity 6438K, committed 6528K, reserved 1048576K
}
Event: 24,218 GC heap before
{Heap before GC invocations=9 (full 2):
 PSYoungGen      total 104448K, used 96256K [0x00000000f0000000, 0x00000000f7400000, 0x0000000100000000)
  eden space 96256K, 100% used [0x00000000f0000000,0x00000000f5e00000,0x00000000f5e00000)
  from space 8192K, 0% used [0x00000000f6c00000,0x00000000f6c00000,0x00000000f7400000)
  to   space 11264K, 0% used [0x00000000f5e00000,0x00000000f5e00000,0x00000000f6900000)
 ParOldGen       total 55808K, used 10525K [0x00000000d0000000, 0x00000000d3680000, 0x00000000f0000000)
  object space 55808K, 18% used [0x00000000d0000000,0x00000000d0a47710,0x00000000d3680000)
 Metaspace       used 39767K, capacity 40028K, committed 40192K, reserved 1081344K
  class space    used 7536K, capacity 7602K, committed 7680K, reserved 1048576K
Event: 24,247 GC heap after
Heap after GC invocations=9 (full 2):
 PSYoungGen      total 107520K, used 7016K [0x00000000f0000000, 0x00000000f9880000, 0x0000000100000000)
  eden space 96256K, 0% used [0x00000000f0000000,0x00000000f0000000,0x00000000f5e00000)
  from space 11264K, 62% used [0x00000000f5e00000,0x00000000f64da0d0,0x00000000f6900000)
  to   space 10752K, 0% used [0x00000000f8e00000,0x00000000f8e00000,0x00000000f9880000)
 ParOldGen       total 55808K, used 10525K [0x00000000d0000000, 0x00000000d3680000, 0x00000000f0000000)
  object space 55808K, 18% used [0x00000000d0000000,0x00000000d0a47710,0x00000000d3680000)
 Metaspace       used 39767K, capacity 40028K, committed 40192K, reserved 1081344K
  class space    used 7536K, capacity 7602K, committed 7680K, reserved 1048576K
}
Event: 26,649 GC heap before
{Heap before GC invocations=10 (full 2):
 PSYoungGen      total 107520K, used 103272K [0x00000000f0000000, 0x00000000f9880000, 0x0000000100000000)
  eden space 96256K, 100% used [0x00000000f0000000,0x00000000f5e00000,0x00000000f5e00000)
  from space 11264K, 62% used [0x00000000f5e00000,0x00000000f64da0d0,0x00000000f6900000)
  to   space 10752K, 0% used [0x00000000f8e00000,0x00000000f8e00000,0x00000000f9880000)
 ParOldGen       total 55808K, used 10525K [0x00000000d0000000, 0x00000000d3680000, 0x00000000f0000000)
  object space 55808K, 18% used [0x00000000d0000000,0x00000000d0a47710,0x00000000d3680000)
 Metaspace       used 41208K, capacity 41468K, committed 41728K, reserved 1083392K
  class space    used 7839K, capacity 7890K, committed 7936K, reserved 1048576K
Event: 27,133 GC heap after
Heap after GC invocations=10 (full 2):
 PSYoungGen      total 135168K, used 10724K [0x00000000f0000000, 0x00000000fcd80000, 0x0000000100000000)
  eden space 124416K, 0% used [0x00000000f0000000,0x00000000f0000000,0x00000000f7980000)
  from space 10752K, 99% used [0x00000000f8e00000,0x00000000f9879090,0x00000000f9880000)
  to   space 20992K, 0% used [0x00000000f7980000,0x00000000f7980000,0x00000000f8e00000)
 ParOldGen       total 55808K, used 31275K [0x00000000d0000000, 0x00000000d3680000, 0x00000000f0000000)
  object space 55808K, 56% used [0x00000000d0000000,0x00000000d1e8af98,0x00000000d3680000)
 Metaspace       used 41208K, capacity 41468K, committed 41728K, reserved 1083392K
  class space    used 7839K, capacity 7890K, committed 7936K, reserved 1048576K
}
Event: 42,017 GC heap before
{Heap before GC invocations=11 (full 2):
 PSYoungGen      total 135168K, used 135140K [0x00000000f0000000, 0x00000000fcd80000, 0x0000000100000000)
  eden space 124416K, 100% used [0x00000000f0000000,0x00000000f7980000,0x00000000f7980000)
  from space 10752K, 99% used [0x00000000f8e00000,0x00000000f9879090,0x00000000f9880000)
  to   space 20992K, 0% used [0x00000000f7980000,0x00000000f7980000,0x00000000f8e00000)
 ParOldGen       total 55808K, used 31275K [0x00000000d0000000, 0x00000000d3680000, 0x00000000f0000000)
  object space 55808K, 56% used [0x00000000d0000000,0x00000000d1e8af98,0x00000000d3680000)
 Metaspace       used 48636K, capacity 48916K, committed 49024K, reserved 1089536K
  class space    used 9502K, capacity 9566K, committed 9600K, reserved 1048576K
Event: 42,930 GC heap after
Heap after GC invocations=11 (full 2):
 PSYoungGen      total 145408K, used 20982K [0x00000000f0000000, 0x00000000fee80000, 0x0000000100000000)
  eden space 124416K, 0% used [0x00000000f0000000,0x00000000f0000000,0x00000000f7980000)
  from space 20992K, 99% used [0x00000000f7980000,0x00000000f8dfd9b8,0x00000000f8e00000)
  to   space 31744K, 0% used [0x00000000fcf80000,0x00000000fcf80000,0x00000000fee80000)
 ParOldGen       total 55808K, used 49467K [0x00000000d0000000, 0x00000000d3680000, 0x00000000f0000000)
  object space 55808K, 88% used [0x00000000d0000000,0x00000000d304ee60,0x00000000d3680000)
 Metaspace       used 48636K, capacity 48916K, committed 49024K, reserved 1089536K
  class space    used 9502K, capacity 9566K, committed 9600K, reserved 1048576K
}
Event: 42,938 GC heap before
{Heap before GC invocations=12 (full 3):
 PSYoungGen      total 145408K, used 20982K [0x00000000f0000000, 0x00000000fee80000, 0x0000000100000000)
  eden space 124416K, 0% used [0x00000000f0000000,0x00000000f0000000,0x00000000f7980000)
  from space 20992K, 99% used [0x00000000f7980000,0x00000000f8dfd9b8,0x00000000f8e00000)
  to   space 31744K, 0% used [0x00000000fcf80000,0x00000000fcf80000,0x00000000fee80000)
 ParOldGen       total 55808K, used 49467K [0x00000000d0000000, 0x00000000d3680000, 0x00000000f0000000)
  object space 55808K, 88% used [0x00000000d0000000,0x00000000d304ee60,0x00000000d3680000)
 Metaspace       used 48636K, capacity 48916K, committed 49024K, reserved 1089536K
  class space    used 9502K, capacity 9566K, committed 9600K, reserved 1048576K

