# JRE version: Java(TM) SE Runtime Environment (8.0_40-b25) (build 1.8.0_40-b25)
# Java VM: Java HotSpot(TM) 64-Bit Server VM (25.40-b25 mixed mode linux-amd64 compressed oops)
Heap:
 PSYoungGen      total 88576K, used 23527K [0x00000000f0000000, 0x00000000f8100000, 0x0000000100000000)
  eden space 65024K, 0% used [0x00000000f0000000,0x00000000f0000000,0x00000000f3f80000)
  from space 23552K, 99% used [0x00000000f6a00000,0x00000000f80f9d18,0x00000000f8100000)
  to   space 14848K, 0% used [0x00000000f3f80000,0x00000000f3f80000,0x00000000f4e00000)
 ParOldGen       total 57344K, used 50523K [0x00000000d0000000, 0x00000000d3800000, 0x00000000f0000000)
  object space 57344K, 88% used [0x00000000d0000000,0x00000000d3156f80,0x00000000d3800000)
 Metaspace       used 48926K, capacity 49172K, committed 49280K, reserved 1089536K
  class space    used 9481K, capacity 9562K, committed 9600K, reserved 1048576K
GC Heap History (10 events):
Event: 12,857 GC heap after
Heap after GC invocations=9 (full 1):
 PSYoungGen      total 64512K, used 4597K [0x00000000f0000000, 0x00000000f5880000, 0x0000000100000000)
  eden space 59904K, 0% used [0x00000000f0000000,0x00000000f0000000,0x00000000f3a80000)
  from space 4608K, 99% used [0x00000000f4300000,0x00000000f477d478,0x00000000f4780000)
  to   space 8704K, 0% used [0x00000000f3a80000,0x00000000f3a80000,0x00000000f4300000)
 ParOldGen       total 37376K, used 9804K [0x00000000d0000000, 0x00000000d2480000, 0x00000000f0000000)
  object space 37376K, 26% used [0x00000000d0000000,0x00000000d09931c8,0x00000000d2480000)
 Metaspace       used 34975K, capacity 35264K, committed 35456K, reserved 1079296K
  class space    used 6353K, capacity 6438K, committed 6528K, reserved 1048576K
}
Event: 12,857 GC heap before
{Heap before GC invocations=10 (full 2):
 PSYoungGen      total 64512K, used 4597K [0x00000000f0000000, 0x00000000f5880000, 0x0000000100000000)
  eden space 59904K, 0% used [0x00000000f0000000,0x00000000f0000000,0x00000000f3a80000)
  from space 4608K, 99% used [0x00000000f4300000,0x00000000f477d478,0x00000000f4780000)
  to   space 8704K, 0% used [0x00000000f3a80000,0x00000000f3a80000,0x00000000f4300000)
 ParOldGen       total 37376K, used 9804K [0x00000000d0000000, 0x00000000d2480000, 0x00000000f0000000)
  object space 37376K, 26% used [0x00000000d0000000,0x00000000d09931c8,0x00000000d2480000)
 Metaspace       used 34975K, capacity 35264K, committed 35456K, reserved 1079296K
  class space    used 6353K, capacity 6438K, committed 6528K, reserved 1048576K
Event: 13,015 GC heap after
Heap after GC invocations=10 (full 2):
 PSYoungGen      total 64512K, used 0K [0x00000000f0000000, 0x00000000f5880000, 0x0000000100000000)
  eden space 59904K, 0% used [0x00000000f0000000,0x00000000f0000000,0x00000000f3a80000)
  from space 4608K, 0% used [0x00000000f4300000,0x00000000f4300000,0x00000000f4780000)
  to   space 8704K, 0% used [0x00000000f3a80000,0x00000000f3a80000,0x00000000f4300000)
 ParOldGen       total 57344K, used 9265K [0x00000000d0000000, 0x00000000d3800000, 0x00000000f0000000)
  object space 57344K, 16% used [0x00000000d0000000,0x00000000d090c590,0x00000000d3800000)
 Metaspace       used 34975K, capacity 35264K, committed 35456K, reserved 1079296K
  class space    used 6353K, capacity 6438K, committed 6528K, reserved 1048576K
}
Event: 15,928 GC heap before
{Heap before GC invocations=11 (full 2):
 PSYoungGen      total 64512K, used 59904K [0x00000000f0000000, 0x00000000f5880000, 0x0000000100000000)
  eden space 59904K, 100% used [0x00000000f0000000,0x00000000f3a80000,0x00000000f3a80000)
  from space 4608K, 0% used [0x00000000f4300000,0x00000000f4300000,0x00000000f4780000)
  to   space 8704K, 0% used [0x00000000f3a80000,0x00000000f3a80000,0x00000000f4300000)
 ParOldGen       total 57344K, used 9265K [0x00000000d0000000, 0x00000000d3800000, 0x00000000f0000000)
  object space 57344K, 16% used [0x00000000d0000000,0x00000000d090c590,0x00000000d3800000)
 Metaspace       used 38132K, capacity 38336K, committed 38528K, reserved 1081344K
  class space    used 7162K, capacity 7206K, committed 7296K, reserved 1048576K
Event: 15,946 GC heap after
Heap after GC invocations=11 (full 2):
 PSYoungGen      total 68608K, used 4565K [0x00000000f0000000, 0x00000000f5680000, 0x0000000100000000)
  eden space 59904K, 0% used [0x00000000f0000000,0x00000000f0000000,0x00000000f3a80000)
  from space 8704K, 52% used [0x00000000f3a80000,0x00000000f3ef5508,0x00000000f4300000)
  to   space 8704K, 0% used [0x00000000f4e00000,0x00000000f4e00000,0x00000000f5680000)
 ParOldGen       total 57344K, used 9273K [0x00000000d0000000, 0x00000000d3800000, 0x00000000f0000000)
  object space 57344K, 16% used [0x00000000d0000000,0x00000000d090e590,0x00000000d3800000)
 Metaspace       used 38132K, capacity 38336K, committed 38528K, reserved 1081344K
  class space    used 7162K, capacity 7206K, committed 7296K, reserved 1048576K
}
Event: 18,008 GC heap before
{Heap before GC invocations=12 (full 2):
 PSYoungGen      total 68608K, used 64469K [0x00000000f0000000, 0x00000000f5680000, 0x0000000100000000)
  eden space 59904K, 100% used [0x00000000f0000000,0x00000000f3a80000,0x00000000f3a80000)
  from space 8704K, 52% used [0x00000000f3a80000,0x00000000f3ef5508,0x00000000f4300000)
  to   space 8704K, 0% used [0x00000000f4e00000,0x00000000f4e00000,0x00000000f5680000)
 ParOldGen       total 57344K, used 9273K [0x00000000d0000000, 0x00000000d3800000, 0x00000000f0000000)
  object space 57344K, 16% used [0x00000000d0000000,0x00000000d090e590,0x00000000d3800000)
 Metaspace       used 39851K, capacity 40064K, committed 40192K, reserved 1081344K
  class space    used 7589K, capacity 7654K, committed 7680K, reserved 1048576K
Event: 18,109 GC heap after
Heap after GC invocations=12 (full 2):
 PSYoungGen      total 73728K, used 8672K [0x00000000f0000000, 0x00000000f6880000, 0x0000000100000000)
  eden space 65024K, 0% used [0x00000000f0000000,0x00000000f0000000,0x00000000f3f80000)
  from space 8704K, 99% used [0x00000000f4e00000,0x00000000f56780a0,0x00000000f5680000)
  to   space 14848K, 0% used [0x00000000f3f80000,0x00000000f3f80000,0x00000000f4e00000)
 ParOldGen       total 57344K, used 23067K [0x00000000d0000000, 0x00000000d3800000, 0x00000000f0000000)
  object space 57344K, 40% used [0x00000000d0000000,0x00000000d1686ca8,0x00000000d3800000)
 Metaspace       used 39851K, capacity 40064K, committed 40192K, reserved 1081344K
  class space    used 7589K, capacity 7654K, committed 7680K, reserved 1048576K
}
Event: 25,056 GC heap before
{Heap before GC invocations=13 (full 2):
 PSYoungGen      total 73728K, used 73696K [0x00000000f0000000, 0x00000000f6880000, 0x0000000100000000)
  eden space 65024K, 100% used [0x00000000f0000000,0x00000000f3f80000,0x00000000f3f80000)
  from space 8704K, 99% used [0x00000000f4e00000,0x00000000f56780a0,0x00000000f5680000)
  to   space 14848K, 0% used [0x00000000f3f80000,0x00000000f3f80000,0x00000000f4e00000)
 ParOldGen       total 57344K, used 23067K [0x00000000d0000000, 0x00000000d3800000, 0x00000000f0000000)
  object space 57344K, 40% used [0x00000000d0000000,0x00000000d1686ca8,0x00000000d3800000)
 Metaspace       used 44507K, capacity 44844K, committed 45056K, reserved 1085440K
  class space    used 8567K, capacity 8654K, committed 8704K, reserved 1048576K
Event: 25,241 GC heap after
Heap after GC invocations=13 (full 2):
 PSYoungGen      total 79872K, used 14824K [0x00000000f0000000, 0x00000000f8100000, 0x0000000100000000)
  eden space 65024K, 0% used [0x00000000f0000000,0x00000000f0000000,0x00000000f3f80000)
  from space 14848K, 99% used [0x00000000f3f80000,0x00000000f4dfa0e0,0x00000000f4e00000)
  to   space 23552K, 0% used [0x00000000f6a00000,0x00000000f6a00000,0x00000000f8100000)
 ParOldGen       total 57344K, used 41782K [0x00000000d0000000, 0x00000000d3800000, 0x00000000f0000000)
  object space 57344K, 72% used [0x00000000d0000000,0x00000000d28cda98,0x00000000d3800000)
 Metaspace       used 44507K, capacity 44844K, committed 45056K, reserved 1085440K
  class space    used 8567K, capacity 8654K, committed 8704K, reserved 1048576K
}
Event: 34,398 GC heap before
{Heap before GC invocations=14 (full 2):
 PSYoungGen      total 79872K, used 79848K [0x00000000f0000000, 0x00000000f8100000, 0x0000000100000000)
  eden space 65024K, 100% used [0x00000000f0000000,0x00000000f3f80000,0x00000000f3f80000)
  from space 14848K, 99% used [0x00000000f3f80000,0x00000000f4dfa0e0,0x00000000f4e00000)
  to   space 23552K, 0% used [0x00000000f6a00000,0x00000000f6a00000,0x00000000f8100000)
 ParOldGen       total 57344K, used 41782K [0x00000000d0000000, 0x00000000d3800000, 0x00000000f0000000)
  object space 57344K, 72% used [0x00000000d0000000,0x00000000d28cda98,0x00000000d3800000)
 Metaspace       used 48926K, capacity 49172K, committed 49280K, reserved 1089536K
  class space    used 9481K, capacity 9562K, committed 9600K, reserved 1048576K

